2025-11-01 07:08:00 | WARN | repo=course-sys-int-systems | action=commit
2025-07-06 09:02:00 | INFO | repo=course-sys-int-systems | action=commit
2025-09-19 07:46:00 | INFO | repo=course-sys-int-systems | action=pull
2025-02-09 20:13:00 | INFO | repo=course-sys-int-systems | action=test | passed=true
2025-03-21 09:30:00 | INFO | repo=course-sys-int-systems | action=commit
2025-10-03 09:41:00 | INFO | repo=course-sys-int-systems | action=commit
2025-05-11 08:57:00 | WARN | repo=course-sys-int-systems | action=test | passed=true
2025-11-22 07:59:00 | DEBUG | repo=course-sys-int-systems | action=commit
2025-04-15 18:12:00 | WARN | repo=course-sys-int-systems | action=commit
2025-05-10 16:10:00 | INFO | repo=course-sys-int-systems | action=pull
2025-08-01 09:59:00 | WARN | repo=course-sys-int-systems | action=edit | files=5
2025-05-16 09:00:00 | WARN | repo=course-sys-int-systems | action=commit
2025-08-21 14:34:00 | DEBUG | repo=course-sys-int-systems | action=commit
2025-02-06 11:29:00 | DEBUG | repo=course-sys-int-systems | action=test | passed=true
2025-07-11 08:53:00 | INFO | repo=course-sys-int-systems | action=commit
2025-10-20 16:26:00 | INFO | repo=course-sys-int-systems | action=test | passed=true
2025-07-26 09:05:00 | WARN | repo=course-sys-int-systems | action=edit | files=5
2025-07-05 18:41:00 | DEBUG | repo=course-sys-int-systems | action=commit
2025-08-25 12:04:00 | WARN | repo=course-sys-int-systems | action=commit
2025-09-24 08:03:00 | WARN | repo=course-sys-int-systems | action=pull
2025-06-27 13:39:00 | WARN | repo=course-sys-int-systems | action=commit
2025-07-22 19:56:00 | DEBUG | repo=course-sys-int-systems | action=commit
2025-04-02 20:14:00 | DEBUG | repo=course-sys-int-systems | action=commit
2025-12-02 19:06:00 | DEBUG | repo=course-sys-int-systems | action=commit
2025-04-27 17:11:00 | DEBUG | repo=course-sys-int-systems | action=edit | files=1
2025-03-17 20:41:00 | DEBUG | repo=course-sys-int-systems | action=commit
2025-11-27 20:32:00 | WARN | repo=course-sys-int-systems | action=commit
2025-05-26 08:16:00 | DEBUG | repo=course-sys-int-systems | action=commit
